shared/build/outputs/logs/manifest-merger-debug-report.txt
-- Merging decision tree log ---
manifest
ADDED from ProcessLibraryManifest/debug/tempAndroidManifest6857359819051968304.xml:2:13-83
INJECTED from ProcessLibraryManifest/debug/tempAndroidManifest6857359819051968304.xml:2:13-83
	package
		INJECTED from ProcessLibraryManifest/debug/tempAndroidManifest6857359819051968304.xml
	xmlns:android
		ADDED from ProcessLibraryManifest/debug/tempAndroidManifest6857359819051968304.xml:2:23-81
uses-sdk
INJECTED from ProcessLibraryManifest/debug/tempAndroidManifest6857359819051968304.xml reason: use-sdk injection requested
INJECTED from ProcessLibraryManifest/debug/tempAndroidManifest6857359819051968304.xml
INJECTED from ProcessLibraryManifest/debug/tempAndroidManifest6857359819051968304.xml
	android:targetSdkVersion
		INJECTED from ProcessLibraryManifest/debug/tempAndroidManifest6857359819051968304.xml
	android:minSdkVersion
		INJECTED from ProcessLibraryManifest/debug/tempAndroidManifest6857359819051968304.xml